<?xml version="1.0" encoding="UTF-8"?>
<!-- Generated by org.testng.reporters.JUnitReportReporter -->
<testsuite skipped="0" hostname="UC237633-TPL-A" name="automatedTests.Leadcreation" tests="2" failures="0" timestamp="30 Dec 2018 12:33:13 GMT" time="43.775" errors="0">
  <testcase name="createLead" time="23.262" classname="automatedTests.Leadcreation"/>
  <testcase name="doConvertLead" time="20.513" classname="automatedTests.Leadcreation"/>
</testsuite> <!-- automatedTests.Leadcreation -->
